{"C:\\Users\\CD377JS\\Desktop\\React Project\\src\\Utils\\constants.js": {"path":"C:\\Users\\CD377JS\\Desktop\\React Project\\src\\Utils\\constants.js","statementMap":{"0":{"start":{"line":2,"column":2},"end":{"line":2,"column":85}},"1":{"start":{"line":5,"column":2},"end":{"line":5,"column":125}},"2":{"start":{"line":8,"column":2},"end":{"line":8,"column":121}}},"fnMap":{},"branchMap":{},"s":{"0":1,"1":1,"2":1},"f":{},"b":{},"_coverageSchema":"1a1c01bbd47fc00a2c39e90264f33305004495a9","hash":"b397f91a6bf0137d5bbfbe962ccd83f36350ee27"}
,"C:\\Users\\CD377JS\\Desktop\\React Project\\src\\Utils\\useOnlineStatus.js": {"path":"C:\\Users\\CD377JS\\Desktop\\React Project\\src\\Utils\\useOnlineStatus.js","statementMap":{"0":{"start":{"line":3,"column":24},"end":{"line":16,"column":1}},"1":{"start":{"line":4,"column":34},"end":{"line":4,"column":48}},"2":{"start":{"line":6,"column":2},"end":{"line":13,"column":9}},"3":{"start":{"line":7,"column":4},"end":{"line":9,"column":7}},"4":{"start":{"line":8,"column":6},"end":{"line":8,"column":25}},"5":{"start":{"line":10,"column":4},"end":{"line":12,"column":7}},"6":{"start":{"line":11,"column":6},"end":{"line":11,"column":24}},"7":{"start":{"line":15,"column":2},"end":{"line":15,"column":18}}},"fnMap":{"0":{"name":"(anonymous_0)","decl":{"start":{"line":3,"column":24},"end":{"line":3,"column":25}},"loc":{"start":{"line":3,"column":30},"end":{"line":16,"column":1}},"line":3},"1":{"name":"(anonymous_1)","decl":{"start":{"line":6,"column":12},"end":{"line":6,"column":13}},"loc":{"start":{"line":6,"column":18},"end":{"line":13,"column":3}},"line":6},"2":{"name":"(anonymous_2)","decl":{"start":{"line":7,"column":39},"end":{"line":7,"column":40}},"loc":{"start":{"line":7,"column":45},"end":{"line":9,"column":5}},"line":7},"3":{"name":"(anonymous_3)","decl":{"start":{"line":10,"column":38},"end":{"line":10,"column":39}},"loc":{"start":{"line":10,"column":44},"end":{"line":12,"column":5}},"line":10}},"branchMap":{},"s":{"0":1,"1":2,"2":2,"3":1,"4":0,"5":1,"6":0,"7":2},"f":{"0":2,"1":1,"2":0,"3":0},"b":{},"_coverageSchema":"1a1c01bbd47fc00a2c39e90264f33305004495a9","hash":"aa140e5776aaedc116e1c7b0e62da8dfdc68c150"}
,"C:\\Users\\CD377JS\\Desktop\\React Project\\src\\components\\Body.js": {"path":"C:\\Users\\CD377JS\\Desktop\\React Project\\src\\components\\Body.js","statementMap":{"0":{"start":{"line":7,"column":13},"end":{"line":119,"column":1}},"1":{"start":{"line":8,"column":40},"end":{"line":8,"column":52}},"2":{"start":{"line":9,"column":56},"end":{"line":9,"column":68}},"3":{"start":{"line":10,"column":38},"end":{"line":10,"column":50}},"4":{"start":{"line":12,"column":33},"end":{"line":12,"column":66}},"5":{"start":{"line":14,"column":2},"end":{"line":16,"column":9}},"6":{"start":{"line":15,"column":4},"end":{"line":15,"column":16}},"7":{"start":{"line":17,"column":20},"end":{"line":41,"column":3}},"8":{"start":{"line":18,"column":17},"end":{"line":20,"column":5}},"9":{"start":{"line":22,"column":17},"end":{"line":22,"column":34}},"10":{"start":{"line":23,"column":4},"end":{"line":23,"column":22}},"11":{"start":{"line":32,"column":18},"end":{"line":32,"column":41}},"12":{"start":{"line":33,"column":29},"end":{"line":38,"column":10}},"13":{"start":{"line":34,"column":6},"end":{"line":36,"column":7}},"14":{"start":{"line":35,"column":8},"end":{"line":35,"column":23}},"15":{"start":{"line":37,"column":6},"end":{"line":37,"column":17}},"16":{"start":{"line":39,"column":4},"end":{"line":39,"column":37}},"17":{"start":{"line":40,"column":4},"end":{"line":40,"column":45}},"18":{"start":{"line":47,"column":19},"end":{"line":47,"column":36}},"19":{"start":{"line":49,"column":2},"end":{"line":53,"column":3}},"20":{"start":{"line":50,"column":4},"end":{"line":52,"column":6}},"21":{"start":{"line":55,"column":2},"end":{"line":118,"column":4}},"22":{"start":{"line":65,"column":29},"end":{"line":65,"column":58}},"23":{"start":{"line":70,"column":40},"end":{"line":74,"column":15}},"24":{"start":{"line":71,"column":16},"end":{"line":73,"column":53}},"25":{"start":{"line":75,"column":14},"end":{"line":75,"column":56}},"26":{"start":{"line":84,"column":33},"end":{"line":88,"column":13}},"27":{"start":{"line":86,"column":16},"end":{"line":87,"column":57}},"28":{"start":{"line":89,"column":12},"end":{"line":89,"column":49}},"29":{"start":{"line":97,"column":25},"end":{"line":97,"column":60}},"30":{"start":{"line":104,"column":10},"end":{"line":114,"column":17}}},"fnMap":{"0":{"name":"(anonymous_0)","decl":{"start":{"line":7,"column":13},"end":{"line":7,"column":14}},"loc":{"start":{"line":7,"column":19},"end":{"line":119,"column":1}},"line":7},"1":{"name":"(anonymous_1)","decl":{"start":{"line":14,"column":12},"end":{"line":14,"column":13}},"loc":{"start":{"line":14,"column":18},"end":{"line":16,"column":3}},"line":14},"2":{"name":"(anonymous_2)","decl":{"start":{"line":17,"column":20},"end":{"line":17,"column":21}},"loc":{"start":{"line":17,"column":32},"end":{"line":41,"column":3}},"line":17},"3":{"name":"(anonymous_3)","decl":{"start":{"line":33,"column":42},"end":{"line":33,"column":43}},"loc":{"start":{"line":33,"column":57},"end":{"line":38,"column":5}},"line":33},"4":{"name":"(anonymous_4)","decl":{"start":{"line":65,"column":22},"end":{"line":65,"column":23}},"loc":{"start":{"line":65,"column":29},"end":{"line":65,"column":58}},"line":65},"5":{"name":"(anonymous_5)","decl":{"start":{"line":69,"column":21},"end":{"line":69,"column":22}},"loc":{"start":{"line":69,"column":27},"end":{"line":76,"column":13}},"line":69},"6":{"name":"(anonymous_6)","decl":{"start":{"line":70,"column":59},"end":{"line":70,"column":60}},"loc":{"start":{"line":71,"column":16},"end":{"line":73,"column":53}},"line":71},"7":{"name":"(anonymous_7)","decl":{"start":{"line":83,"column":19},"end":{"line":83,"column":20}},"loc":{"start":{"line":83,"column":25},"end":{"line":90,"column":11}},"line":83},"8":{"name":"(anonymous_8)","decl":{"start":{"line":85,"column":14},"end":{"line":85,"column":15}},"loc":{"start":{"line":86,"column":16},"end":{"line":87,"column":57}},"line":86},"9":{"name":"(anonymous_9)","decl":{"start":{"line":97,"column":19},"end":{"line":97,"column":20}},"loc":{"start":{"line":97,"column":25},"end":{"line":97,"column":60}},"line":97},"10":{"name":"(anonymous_10)","decl":{"start":{"line":103,"column":33},"end":{"line":103,"column":34}},"loc":{"start":{"line":104,"column":10},"end":{"line":114,"column":17}},"line":104}},"branchMap":{"0":{"loc":{"start":{"line":32,"column":18},"end":{"line":32,"column":41}},"type":"binary-expr","locations":[{"start":{"line":32,"column":18},"end":{"line":32,"column":35}},{"start":{"line":32,"column":39},"end":{"line":32,"column":41}}],"line":32},"1":{"loc":{"start":{"line":34,"column":6},"end":{"line":36,"column":7}},"type":"if","locations":[{"start":{"line":34,"column":6},"end":{"line":36,"column":7}},{"start":{},"end":{}}],"line":34},"2":{"loc":{"start":{"line":49,"column":2},"end":{"line":53,"column":3}},"type":"if","locations":[{"start":{"line":49,"column":2},"end":{"line":53,"column":3}},{"start":{},"end":{}}],"line":49},"3":{"loc":{"start":{"line":55,"column":9},"end":{"line":118,"column":3}},"type":"cond-expr","locations":[{"start":{"line":56,"column":4},"end":{"line":56,"column":15}},{"start":{"line":58,"column":4},"end":{"line":117,"column":10}}],"line":55},"4":{"loc":{"start":{"line":86,"column":16},"end":{"line":87,"column":57}},"type":"binary-expr","locations":[{"start":{"line":86,"column":16},"end":{"line":86,"column":51}},{"start":{"line":87,"column":16},"end":{"line":87,"column":57}}],"line":86},"5":{"loc":{"start":{"line":109,"column":13},"end":{"line":113,"column":13}},"type":"cond-expr","locations":[{"start":{"line":110,"column":14},"end":{"line":110,"column":61}},{"start":{"line":112,"column":14},"end":{"line":112,"column":53}}],"line":109}},"s":{"0":1,"1":2,"2":2,"3":2,"4":2,"5":2,"6":1,"7":2,"8":1,"9":1,"10":1,"11":1,"12":1,"13":13,"14":10,"15":13,"16":1,"17":1,"18":2,"19":2,"20":0,"21":2,"22":0,"23":0,"24":0,"25":0,"26":0,"27":0,"28":0,"29":0,"30":10},"f":{"0":2,"1":1,"2":1,"3":13,"4":0,"5":0,"6":0,"7":0,"8":0,"9":0,"10":10},"b":{"0":[1,0],"1":[10,3],"2":[0,2],"3":[1,1],"4":[0,0],"5":[5,5]},"_coverageSchema":"1a1c01bbd47fc00a2c39e90264f33305004495a9","hash":"d2f993f9cc5d2d96f6133b34e0211f1344caf9c6"}
,"C:\\Users\\CD377JS\\Desktop\\React Project\\src\\components\\Contact.js": {"path":"C:\\Users\\CD377JS\\Desktop\\React Project\\src\\components\\Contact.js","statementMap":{"0":{"start":{"line":1,"column":16},"end":{"line":57,"column":1}},"1":{"start":{"line":2,"column":2},"end":{"line":56,"column":4}}},"fnMap":{"0":{"name":"(anonymous_0)","decl":{"start":{"line":1,"column":16},"end":{"line":1,"column":17}},"loc":{"start":{"line":1,"column":22},"end":{"line":57,"column":1}},"line":1}},"branchMap":{},"s":{"0":1,"1":2},"f":{"0":2},"b":{},"_coverageSchema":"1a1c01bbd47fc00a2c39e90264f33305004495a9","hash":"7b4aa16832ad84b35ed79e78e39904de1bc39660"}
,"C:\\Users\\CD377JS\\Desktop\\React Project\\src\\components\\RestaurantCard.js": {"path":"C:\\Users\\CD377JS\\Desktop\\React Project\\src\\components\\RestaurantCard.js","statementMap":{"0":{"start":{"line":3,"column":23},"end":{"line":26,"column":1}},"1":{"start":{"line":4,"column":22},"end":{"line":4,"column":27}},"2":{"start":{"line":6,"column":52},"end":{"line":6,"column":77}},"3":{"start":{"line":7,"column":24},"end":{"line":7,"column":54}},"4":{"start":{"line":8,"column":2},"end":{"line":25,"column":4}},"5":{"start":{"line":30,"column":33},"end":{"line":41,"column":1}},"6":{"start":{"line":31,"column":2},"end":{"line":40,"column":4}},"7":{"start":{"line":32,"column":4},"end":{"line":39,"column":6}}},"fnMap":{"0":{"name":"(anonymous_0)","decl":{"start":{"line":3,"column":23},"end":{"line":3,"column":24}},"loc":{"start":{"line":3,"column":34},"end":{"line":26,"column":1}},"line":3},"1":{"name":"(anonymous_1)","decl":{"start":{"line":30,"column":33},"end":{"line":30,"column":34}},"loc":{"start":{"line":30,"column":53},"end":{"line":41,"column":1}},"line":30},"2":{"name":"(anonymous_2)","decl":{"start":{"line":31,"column":9},"end":{"line":31,"column":10}},"loc":{"start":{"line":31,"column":20},"end":{"line":40,"column":3}},"line":31}},"branchMap":{},"s":{"0":1,"1":10,"2":10,"3":10,"4":10,"5":1,"6":2,"7":5},"f":{"0":10,"1":2,"2":5},"b":{},"_coverageSchema":"1a1c01bbd47fc00a2c39e90264f33305004495a9","hash":"abf4aed2bf422dd05a452eb46415408c35fdef87"}
,"C:\\Users\\CD377JS\\Desktop\\React Project\\src\\components\\Shimmer.js": {"path":"C:\\Users\\CD377JS\\Desktop\\React Project\\src\\components\\Shimmer.js","statementMap":{"0":{"start":{"line":1,"column":16},"end":{"line":14,"column":1}},"1":{"start":{"line":2,"column":2},"end":{"line":13,"column":4}},"2":{"start":{"line":7,"column":10},"end":{"line":10,"column":17}}},"fnMap":{"0":{"name":"(anonymous_0)","decl":{"start":{"line":1,"column":16},"end":{"line":1,"column":17}},"loc":{"start":{"line":1,"column":22},"end":{"line":14,"column":1}},"line":1},"1":{"name":"(anonymous_1)","decl":{"start":{"line":6,"column":13},"end":{"line":6,"column":14}},"loc":{"start":{"line":7,"column":10},"end":{"line":10,"column":17}},"line":7}},"branchMap":{},"s":{"0":1,"1":1,"2":20},"f":{"0":1,"1":20},"b":{},"_coverageSchema":"1a1c01bbd47fc00a2c39e90264f33305004495a9","hash":"527bbec5927270ce6d903c9a13c1a2410c3ac238"}
,"C:\\Users\\CD377JS\\Desktop\\React Project\\src\\components\\sum.js": {"path":"C:\\Users\\CD377JS\\Desktop\\React Project\\src\\components\\sum.js","statementMap":{"0":{"start":{"line":1,"column":19},"end":{"line":3,"column":1}},"1":{"start":{"line":2,"column":2},"end":{"line":2,"column":15}}},"fnMap":{"0":{"name":"(anonymous_0)","decl":{"start":{"line":1,"column":19},"end":{"line":1,"column":20}},"loc":{"start":{"line":1,"column":29},"end":{"line":3,"column":1}},"line":1}},"branchMap":{},"s":{"0":1,"1":1},"f":{"0":1},"b":{},"_coverageSchema":"1a1c01bbd47fc00a2c39e90264f33305004495a9","hash":"7a9800f494e55c1c0d65771597b9cdf260f05c99"}
}
