TN:
SF:src\Utils\constants.js
FNF:0
FNH:0
DA:2,1
DA:5,1
DA:8,1
LF:3
LH:3
BRF:0
BRH:0
end_of_record
TN:
SF:src\Utils\useOnlineStatus.js
FN:3,(anonymous_0)
FN:6,(anonymous_1)
FN:7,(anonymous_2)
FN:10,(anonymous_3)
FNF:4
FNH:2
FNDA:2,(anonymous_0)
FNDA:1,(anonymous_1)
FNDA:0,(anonymous_2)
FNDA:0,(anonymous_3)
DA:3,1
DA:4,2
DA:6,2
DA:7,1
DA:8,0
DA:10,1
DA:11,0
DA:15,2
LF:8
LH:6
BRF:0
BRH:0
end_of_record
TN:
SF:src\components\Body.js
FN:7,(anonymous_0)
FN:14,(anonymous_1)
FN:17,(anonymous_2)
FN:33,(anonymous_3)
FN:65,(anonymous_4)
FN:69,(anonymous_5)
FN:70,(anonymous_6)
FN:83,(anonymous_7)
FN:85,(anonymous_8)
FN:97,(anonymous_9)
FN:103,(anonymous_10)
FNF:11
FNH:5
FNDA:2,(anonymous_0)
FNDA:1,(anonymous_1)
FNDA:1,(anonymous_2)
FNDA:13,(anonymous_3)
FNDA:0,(anonymous_4)
FNDA:0,(anonymous_5)
FNDA:0,(anonymous_6)
FNDA:0,(anonymous_7)
FNDA:0,(anonymous_8)
FNDA:0,(anonymous_9)
FNDA:10,(anonymous_10)
DA:7,1
DA:8,2
DA:9,2
DA:10,2
DA:12,2
DA:14,2
DA:15,1
DA:17,2
DA:18,1
DA:22,1
DA:23,1
DA:32,1
DA:33,1
DA:34,13
DA:35,10
DA:37,13
DA:39,1
DA:40,1
DA:47,2
DA:49,2
DA:50,0
DA:55,2
DA:65,0
DA:70,0
DA:71,0
DA:75,0
DA:84,0
DA:86,0
DA:89,0
DA:97,0
DA:104,10
LF:31
LH:22
BRDA:32,0,0,1
BRDA:32,0,1,0
BRDA:34,1,0,10
BRDA:34,1,1,3
BRDA:49,2,0,0
BRDA:49,2,1,2
BRDA:55,3,0,1
BRDA:55,3,1,1
BRDA:86,4,0,0
BRDA:86,4,1,0
BRDA:109,5,0,5
BRDA:109,5,1,5
BRF:12
BRH:8
end_of_record
TN:
SF:src\components\Contact.js
FN:1,(anonymous_0)
FNF:1
FNH:1
FNDA:2,(anonymous_0)
DA:1,1
DA:2,2
LF:2
LH:2
BRF:0
BRH:0
end_of_record
TN:
SF:src\components\RestaurantCard.js
FN:3,(anonymous_0)
FN:30,(anonymous_1)
FN:31,(anonymous_2)
FNF:3
FNH:3
FNDA:10,(anonymous_0)
FNDA:2,(anonymous_1)
FNDA:5,(anonymous_2)
DA:3,1
DA:4,10
DA:6,10
DA:7,10
DA:8,10
DA:30,1
DA:31,2
DA:32,5
LF:8
LH:8
BRF:0
BRH:0
end_of_record
TN:
SF:src\components\Shimmer.js
FN:1,(anonymous_0)
FN:6,(anonymous_1)
FNF:2
FNH:2
FNDA:1,(anonymous_0)
FNDA:20,(anonymous_1)
DA:1,1
DA:2,1
DA:7,20
LF:3
LH:3
BRF:0
BRH:0
end_of_record
TN:
SF:src\components\sum.js
FN:1,(anonymous_0)
FNF:1
FNH:1
FNDA:1,(anonymous_0)
DA:1,1
DA:2,1
LF:2
LH:2
BRF:0
BRH:0
end_of_record
